Arguments: 
  C:\Program Files\nodejs\node.exe C:\Users\cesar ruiz\AppData\Roaming\npm\node_modules\yarn\bin\yarn.js init --y

PATH: 
  C:\Windows\system32;C:\Windows;C:\Windows\System32\Wbem;C:\Windows\System32\WindowsPowerShell\v1.0\;C:\Windows\System32\OpenSSH\;C:\Program Files\nodejs\;C:\Program Files (x86)\Windows Kits\8.0\Windows Performance Toolkit\;C:\Program Files\MongoDB\Server\5.0\bin;C:\Program Files (x86)\Common Files\MariaDBShared\HeidiSQL;C:\Program Files\PuTTY\;C:\MinGW\bin;C:\Program Files\Git\cmd;C:\Users\cesar ruiz\Documents\redis;C:\Program Files\MySQL\MySQL Shell 8.0\bin\;C:\Users\cesar ruiz\AppData\Local\Programs\Python\Python39\Scripts\;C:\Users\cesar ruiz\AppData\Local\Programs\Python\Python39\;C:\Users\cesar ruiz\AppData\Local\Microsoft\WindowsApps;C:\Users\cesar ruiz\AppData\Local\Programs\Microsoft VS Code\bin;C:\Users\cesar ruiz\AppData\Roaming\npm;C:\Users\cesar ruiz\AppData\Local\GitHubDesktop\bin

Yarn version: 
  1.22.18

Node version: 
  16.3.0

Platform: 
  win32 x64

Trace: 
  Error: canceled
      at Interface.<anonymous> (C:\Users\cesar ruiz\AppData\Roaming\npm\node_modules\yarn\lib\cli.js:137143:13)
      at Interface.emit (node:events:394:28)
      at Interface._ttyWrite (node:readline:1069:16)
      at ReadStream.onkeypress (node:readline:288:10)
      at ReadStream.emit (node:events:394:28)
      at emitKeys (node:internal/readline/utils:358:14)
      at emitKeys.next (<anonymous>)
      at ReadStream.onData (node:internal/readline/emitKeypressEvents:61:36)
      at ReadStream.emit (node:events:394:28)
      at addChunk (node:internal/streams/readable:312:12)

npm manifest: 
  No manifest

yarn manifest: 
  No manifest

Lockfile: 
  No lockfile
